Filename                             Regions    Missed Regions     Cover   Functions  Missed Functions  Executed       Lines      Missed Lines     Cover    Branches   Missed Branches     Cover
------------------------------------------------------------------------------------------------------------------------------------------------------------------------------------------------
asyncapi/bindings.rs                     179                13    92.74%          15                 1    93.33%         102                 4    96.08%           0                 0         -
asyncapi/mod.rs                          727                13    98.21%          58                 0   100.00%         544                10    98.16%           0                 0         -
asyncapi/viewer.rs                        23                 0   100.00%           4                 0   100.00%          20                 0   100.00%           0                 0         -
bin/ruststream/cargo.rs                   63                63     0.00%           5                 5     0.00%          46                46     0.00%           0                 0         -
conformance/capabilities.rs              770                29    96.23%          25                 1    96.00%         474                14    97.05%           0                 0         -
conformance/harness.rs                   493                77    84.38%          29                 4    86.21%         297                59    80.13%           0                 0         -
describe.rs                              137                38    72.26%          21                 8    61.90%          96                29    69.79%           0                 0         -
memory/capability.rs                     466                21    95.49%          37                 2    94.59%         352                16    95.45%           0                 0         -
memory/mod.rs                            543                20    96.32%          67                 3    95.52%         413                15    96.37%           0                 0         -
runtime/dispatch.rs                      853               100    88.28%          55                 0   100.00%         651                56    91.40%           0                 0         -
runtime/inject.rs                        237                22    90.72%          24                 1    95.83%         157                16    89.81%           0                 0         -
runtime/redelivery.rs                    360                37    89.72%          41                 5    87.80%         314                24    92.36%           0                 0         -
runtime/retry/declare.rs                 116                51    56.03%          29                14    51.72%          90                36    60.00%           0                 0         -
runtime/retry/mod.rs                     170                76    55.29%          42                21    50.00%         136                51    62.50%           0                 0         -
runtime/slot.rs                          296                31    89.53%          63                 7    88.89%         243                21    91.36%           0                 0         -
------------------------------------------------------------------------------------------------------------------------------------------------------------------------------------------------
TOTAL                                  20083              1147    94.29%        2379               141    94.07%       15790               683    95.67%           0                 0         -
